<?xml version="1.0" encoding="UTF-8"?>
<!-- Generated by org.testng.reporters.JUnitReportReporter -->
<testsuite skipped="0" hostname="DESKTOP-ST4RK9D" name="com.obsqura.TestNGAssignment.MultipleSelectDropDown" tests="1" failures="0" timestamp="28 Nov 2022 13:19:26 GMT" time="23.720" errors="0">
  <testcase name="multipleSelect" time="23.720" classname="com.obsqura.TestNGAssignment.MultipleSelectDropDown"/>
</testsuite> <!-- com.obsqura.TestNGAssignment.MultipleSelectDropDown -->
