<?xml version="1.0" encoding="UTF-8"?>
<!-- Generated by org.testng.reporters.JUnitReportReporter -->
<testsuite skipped="0" hostname="DESKTOP-ST4RK9D" name="com.obsqura.TestNGAssignment.LocatorExecutionSpeed" tests="4" failures="0" timestamp="08 Nov 2022 12:46:27 GMT" time="0.439" errors="0">
  <testcase name="checkingByXpath" time="0.036" classname="com.obsqura.TestNGAssignment.LocatorExecutionSpeed"/>
  <testcase name="checkingByClass" time="0.325" classname="com.obsqura.TestNGAssignment.LocatorExecutionSpeed"/>
  <testcase name="checkingByID" time="0.015" classname="com.obsqura.TestNGAssignment.LocatorExecutionSpeed"/>
  <testcase name="checkingByCssSelectorId" time="0.063" classname="com.obsqura.TestNGAssignment.LocatorExecutionSpeed"/>
</testsuite> <!-- com.obsqura.TestNGAssignment.LocatorExecutionSpeed -->
