<?xml version="1.0" encoding="UTF-8"?>
<!-- Generated by org.testng.reporters.JUnitReportReporter -->
<testsuite skipped="0" hostname="DESKTOP-ST4RK9D" name="com.obsqura.TestNGAssignment.TitleVerification" tests="2" failures="0" timestamp="01 Nov 2022 16:14:10 GMT" time="0.046" errors="0">
  <testcase name="drivernull" time="0.028" classname="com.obsqura.TestNGAssignment.TitleVerification"/>
  <testcase name="title" time="0.018" classname="com.obsqura.TestNGAssignment.TitleVerification"/>
</testsuite> <!-- com.obsqura.TestNGAssignment.TitleVerification -->
