<?xml version="1.0" encoding="UTF-8"?>
<!-- Generated by org.testng.reporters.JUnitReportReporter -->
<testsuite skipped="0" hostname="DESKTOP-ST4RK9D" name="com.obsqura.TestNGAssignment.Base" tests="2" failures="0" timestamp="31 Oct 2022 10:06:41 GMT" time="0.158" errors="0">
  <testcase name="firstPageURL" time="0.016" classname="com.obsqura.TestNGAssignment.Base"/>
  <testcase name="firstPageTitle" time="0.142" classname="com.obsqura.TestNGAssignment.Base"/>
</testsuite> <!-- com.obsqura.TestNGAssignment.Base -->
