<?xml version="1.0" encoding="UTF-8"?>
<!-- Generated by org.testng.reporters.JUnitReportReporter -->
<testsuite skipped="0" hostname="DESKTOP-ST4RK9D" name="com.obsqura.TestNGAssignment.GureSiteRadioButton" tests="1" failures="0" timestamp="21 Nov 2022 10:57:47 GMT" time="30.531" errors="0">
  <testcase name="clickRadioButton" time="30.531" classname="com.obsqura.TestNGAssignment.GureSiteRadioButton"/>
</testsuite> <!-- com.obsqura.TestNGAssignment.GureSiteRadioButton -->
