<?xml version="1.0" encoding="UTF-8"?>
<!-- Generated by org.testng.reporters.JUnitReportReporter -->
<testsuite skipped="0" hostname="DESKTOP-ST4RK9D" name="com.obsqura.TestNGAssignment.DatePicketMenuClick" tests="1" failures="0" timestamp="17 Nov 2022 14:14:23 GMT" time="21.092" errors="0">
  <testcase name="datePickerClick" time="21.092" classname="com.obsqura.TestNGAssignment.DatePicketMenuClick"/>
</testsuite> <!-- com.obsqura.TestNGAssignment.DatePicketMenuClick -->
