<?xml version="1.0" encoding="UTF-8"?>
<!-- Generated by org.testng.reporters.JUnitReportReporter -->
<testsuite skipped="0" hostname="DESKTOP-ST4RK9D" name="com.obsqura.TestNGAssignment.LocatorsAssignment" tests="1" failures="0" timestamp="02 Nov 2022 12:54:29 GMT" time="4.633" errors="0">
  <testcase name="locatingById" time="4.633" classname="com.obsqura.TestNGAssignment.LocatorsAssignment"/>
</testsuite> <!-- com.obsqura.TestNGAssignment.LocatorsAssignment -->
