<?xml version="1.0" encoding="UTF-8"?>
<!-- Generated by org.testng.reporters.JUnitReportReporter -->
<testsuite skipped="0" hostname="DESKTOP-ST4RK9D" name="com.obsqura.TestNGAssignment.FirstPage" tests="1" failures="0" timestamp="31 Oct 2022 09:34:10 GMT" time="0.070" errors="0">
  <testcase name="firstPageTitle" time="0.070" classname="com.obsqura.TestNGAssignment.FirstPage"/>
</testsuite> <!-- com.obsqura.TestNGAssignment.FirstPage -->
