<?xml version="1.0" encoding="UTF-8"?>
<!-- Generated by org.testng.reporters.JUnitReportReporter -->
<testsuite skipped="0" hostname="DESKTOP-ST4RK9D" name="com.obsqura.TestNGAssignment.DropDownUsingSelect" tests="2" failures="0" timestamp="23 Nov 2022 12:48:16 GMT" time="140.673" errors="0">
  <testcase name="dropDownSelect" time="92.910" classname="com.obsqura.TestNGAssignment.DropDownUsingSelect"/>
  <testcase name="findElements" time="47.763" classname="com.obsqura.TestNGAssignment.DropDownUsingSelect"/>
</testsuite> <!-- com.obsqura.TestNGAssignment.DropDownUsingSelect -->
