<?xml version="1.0" encoding="UTF-8"?>
<!-- Generated by org.testng.reporters.JUnitReportReporter -->
<testsuite skipped="0" hostname="DESKTOP-ST4RK9D" name="com.obsqura.TestNGAssignment.TestNGAnnotations" tests="3" failures="0" timestamp="17 Nov 2022 02:09:21 GMT" time="0.049" errors="0">
  <testcase name="annotationTest" time="0.022" classname="com.obsqura.TestNGAssignment.TestNGAnnotations"/>
  <testcase name="annotationTest3" time="0.022" classname="com.obsqura.TestNGAssignment.TestNGAnnotations"/>
  <testcase name="annotationTest2" time="0.005" classname="com.obsqura.TestNGAssignment.TestNGAnnotations"/>
</testsuite> <!-- com.obsqura.TestNGAssignment.TestNGAnnotations -->
